[debug] [2022-12-20T15:00:00.989Z] ----------------------------------------------------------------------
[debug] [2022-12-20T15:00:00.991Z] Command:       C:\Program Files\nodejs\node.exe C:\Users\Raju\AppData\Roaming\npm\node_modules\firebase-tools\lib\bin\firebase.js deploy
[debug] [2022-12-20T15:00:00.991Z] CLI Version:   11.19.0
[debug] [2022-12-20T15:00:00.991Z] Platform:      win32
[debug] [2022-12-20T15:00:00.992Z] Node Version:  v16.15.1
[debug] [2022-12-20T15:00:00.993Z] Time:          Tue Dec 20 2022 21:00:00 GMT+0600 (Bangladesh Standard Time)
[debug] [2022-12-20T15:00:00.993Z] ----------------------------------------------------------------------
[debug] 
[debug] [2022-12-20T15:00:01.061Z] > command requires scopes: ["email","openid","https://www.googleapis.com/auth/cloudplatformprojects.readonly","https://www.googleapis.com/auth/firebase","https://www.googleapis.com/auth/cloud-platform"]
[debug] [2022-12-20T15:00:01.061Z] > authorizing via signed-in user (ashfaqraju27@gmail.com)
[debug] [2022-12-20T15:00:01.062Z] [iam] checking project genius-car-366b8 for permissions ["firebase.projects.get","firebasehosting.sites.update"]
[debug] [2022-12-20T15:00:01.064Z] >>> [apiv2][query] POST https://cloudresourcemanager.googleapis.com/v1/projects/genius-car-366b8:testIamPermissions [none]
[debug] [2022-12-20T15:00:01.064Z] >>> [apiv2][(partial)header] POST https://cloudresourcemanager.googleapis.com/v1/projects/genius-car-366b8:testIamPermissions x-goog-quota-user=projects/genius-car-366b8
[debug] [2022-12-20T15:00:01.064Z] >>> [apiv2][body] POST https://cloudresourcemanager.googleapis.com/v1/projects/genius-car-366b8:testIamPermissions {"permissions":["firebase.projects.get","firebasehosting.sites.update"]}
[debug] [2022-12-20T15:00:02.591Z] <<< [apiv2][status] POST https://cloudresourcemanager.googleapis.com/v1/projects/genius-car-366b8:testIamPermissions 200
[debug] [2022-12-20T15:00:02.591Z] <<< [apiv2][body] POST https://cloudresourcemanager.googleapis.com/v1/projects/genius-car-366b8:testIamPermissions {"permissions":["firebase.projects.get","firebasehosting.sites.update"]}
[debug] [2022-12-20T15:00:02.592Z] >>> [apiv2][query] GET https://firebase.googleapis.com/v1beta1/projects/genius-car-366b8 [none]
[debug] [2022-12-20T15:00:03.153Z] <<< [apiv2][status] GET https://firebase.googleapis.com/v1beta1/projects/genius-car-366b8 200
[debug] [2022-12-20T15:00:03.153Z] <<< [apiv2][body] GET https://firebase.googleapis.com/v1beta1/projects/genius-car-366b8 {"projectId":"genius-car-366b8","projectNumber":"592992066545","displayName":"genius-car","name":"projects/genius-car-366b8","resources":{"hostingSite":"genius-car-366b8"},"state":"ACTIVE","etag":"1_161e331c-2b2d-40c1-a213-70e05dc081ee"}
[info] 
[info] === Deploying to 'genius-car-366b8'...
[info] 
[info] i  deploying hosting 
[debug] [2022-12-20T15:00:03.158Z] >>> [apiv2][query] POST https://firebasehosting.googleapis.com/v1beta1/projects/-/sites/genius-car-366b8/versions [none]
[debug] [2022-12-20T15:00:03.158Z] >>> [apiv2][body] POST https://firebasehosting.googleapis.com/v1beta1/projects/-/sites/genius-car-366b8/versions {"status":"CREATED","labels":{"deployment-tool":"cli-firebase"}}
[debug] [2022-12-20T15:00:04.983Z] <<< [apiv2][status] POST https://firebasehosting.googleapis.com/v1beta1/projects/-/sites/genius-car-366b8/versions 200
[debug] [2022-12-20T15:00:04.983Z] <<< [apiv2][body] POST https://firebasehosting.googleapis.com/v1beta1/projects/-/sites/genius-car-366b8/versions {"name":"projects/592992066545/sites/genius-car-366b8/versions/1a56e6fada6f037b","status":"CREATED","config":{},"labels":{"deployment-tool":"cli-firebase"}}
[info] i  hosting[genius-car-366b8]: beginning deploy... 
[info] i  hosting[genius-car-366b8]: found 25 files in build 
[debug] [2022-12-20T15:00:04.995Z] [hosting] uploading with 200 concurrency
[debug] [2022-12-20T15:00:05.190Z] [hosting] hash cache [YnVpbGQ] stored for 25 files
[debug] [2022-12-20T15:00:05.191Z] [hosting][hash queue][FINAL] {"max":185,"min":5,"avg":54.44,"active":0,"complete":25,"success":25,"errored":0,"retried":0,"total":25,"elapsed":194}
[debug] [2022-12-20T15:00:05.191Z] >>> [apiv2][query] POST https://firebasehosting.googleapis.com/v1beta1/projects/592992066545/sites/genius-car-366b8/versions/1a56e6fada6f037b:populateFiles [none]
[debug] [2022-12-20T15:00:05.191Z] >>> [apiv2][body] POST https://firebasehosting.googleapis.com/v1beta1/projects/592992066545/sites/genius-car-366b8/versions/1a56e6fada6f037b:populateFiles {"files":{"/favicon.ico":"eae62e993eb980ec8a25058c39d5a51feab118bd2100c4deebb2a9c158ec11f9","/logo192.png":"3ee59515172ee198f3be375979df15ac5345183e656720a381b8872b2a39dc8b","/logo512.png":"ee7e2f3fdb8209c4b6fd7bef6ba50d1b9dba30a25bb5c3126df057e1cb6f5331","/manifest.json":"aff3449bdc238776f5d6d967f19ec491b36aed5fb7f23ccff6500736fd58494a","/robots.txt":"bfe106a3fb878dc83461c86818bf74fc1bdc7f28538ba613cd3e775516ce8b49","/services.json":"93f9df8194c243c0089d39079b1578f4579eac27d73b9c381c29a65d43f44fe2","/asset-manifest.json":"e570980b97cc8918ad89b7e9f3ef8a00e7217cd73e2a67870be510d5f08a6dd2","/static/js/787.6198c1d5.chunk.js":"138b507e76b13951750f87b0bce174dbc245c906991f084178b4a91c6d9f4bf4","/index.html":"47491bb5b4a5bc47b38d74c4692da63e447c3f1036d7644f787c96e032ceceb5","/static/js/787.6198c1d5.chunk.js.map":"af0b5df0b84cf7923f73e3ed60d1330b62ce142781e2fd47956c986f3e72faaa","/static/js/main.b7bda750.js.LICENSE.txt":"29fba471d481398619ffd50250e8431add61c7c8208f77fc9b05cd1bf9708876","/static/css/main.b03d613e.css.map":"5b452b6f5b2e5e15c22dc2c8fd7b2ce6cab914eb39997e047732a8e0aa6ace54","/static/media/logo.a2470400f180bfac8d97880fc478101e.svg":"0ff781e5bba25d71075e93e5097a5542dcc12859ccd9afb04c7654dd6757b9f4","/static/css/main.b03d613e.css":"a4769429c83002113063ec1df061fbc8cad4af8bc2b7cd8352d0db4865756946","/static/media/login.2b00a57b9fea2b1d57315ac4bdd1c48b.svg":"2d342b197e85f4d9251da3e8850150f4a6ccf3d9b0ea245e38011028a497dd2c","/static/js/main.b7bda750.js":"fa6329a919e59fc994595a7458e6ffb5841f2528a2952ee0d5c14a406c06e020","/static/media/3.c91e1e0921121617da2a.jpg":"7e1c8faf6bba42b855594fb973e62d36ff9a0b356c40c866e6db447cfafa0cbb","/static/media/parts.5d7c45c1faece42734fc.jpg":"3178b25f1ab4c5f49150630cda51590b932525d6994cd67205bb53eafaf9d686","/static/media/4.2f62022d0a5004b2288f.jpg":"b8265f48f6459ad8f3e72f708d6018d15b6f06d99812a47b95126f08378b938b","/static/media/5.5369d3ba48241a246f54.jpg":"4e724d658d22acef905d81741ad11af943d802de4b886768b2425ea98aa78cf7","/static/media/1.4e475131b84d3136b09f.jpg":"da85d9cfa30538f966c31890b54c722e1f0887eeef3d4f7edad47ee70ff92f34","/static/media/2.633a6ac636906e1d0fad.jpg":"ef023e953537750a0677dd7d4842cc5f092507bfb64f4f73ee50f73ac6a3e968","/static/media/6.b18dd0e62cb4e0fdbe7d.jpg":"b67c22ce3b0efebe9c0ce64b817422e96e42f56da601a83d1b869b90e1f92192","/static/media/person.946b62323b8beee0fab8.jpg":"f9e42cecffc7f3db21a5edca9418836dce1098308418d7cd8abcc18720fec44f","/static/js/main.b7bda750.js.map":"859b908b0a827d36a27ed1117ea6c3ba23ef3ddc041a911b6ada6187ea265c37"}}
[debug] [2022-12-20T15:00:06.532Z] <<< [apiv2][status] POST https://firebasehosting.googleapis.com/v1beta1/projects/592992066545/sites/genius-car-366b8/versions/1a56e6fada6f037b:populateFiles 200
[debug] [2022-12-20T15:00:06.532Z] <<< [apiv2][body] POST https://firebasehosting.googleapis.com/v1beta1/projects/592992066545/sites/genius-car-366b8/versions/1a56e6fada6f037b:populateFiles {"uploadRequiredHashes":["b67c22ce3b0efebe9c0ce64b817422e96e42f56da601a83d1b869b90e1f92192","4e724d658d22acef905d81741ad11af943d802de4b886768b2425ea98aa78cf7","ef023e953537750a0677dd7d4842cc5f092507bfb64f4f73ee50f73ac6a3e968","7e1c8faf6bba42b855594fb973e62d36ff9a0b356c40c866e6db447cfafa0cbb","3178b25f1ab4c5f49150630cda51590b932525d6994cd67205bb53eafaf9d686","b8265f48f6459ad8f3e72f708d6018d15b6f06d99812a47b95126f08378b938b"],"uploadUrl":"https://upload-firebasehosting.googleapis.com/upload/sites/genius-car-366b8/versions/1a56e6fada6f037b/files"}
[debug] [2022-12-20T15:00:06.533Z] >>> [apiv2][query] POST https://upload-firebasehosting.googleapis.com/upload/sites/genius-car-366b8/versions/1a56e6fada6f037b/files/b67c22ce3b0efebe9c0ce64b817422e96e42f56da601a83d1b869b90e1f92192 [none]
[debug] [2022-12-20T15:00:06.533Z] >>> [apiv2][body] POST https://upload-firebasehosting.googleapis.com/upload/sites/genius-car-366b8/versions/1a56e6fada6f037b/files/b67c22ce3b0efebe9c0ce64b817422e96e42f56da601a83d1b869b90e1f92192 [stream]
[debug] [2022-12-20T15:00:06.534Z] >>> [apiv2][query] POST https://upload-firebasehosting.googleapis.com/upload/sites/genius-car-366b8/versions/1a56e6fada6f037b/files/4e724d658d22acef905d81741ad11af943d802de4b886768b2425ea98aa78cf7 [none]
[debug] [2022-12-20T15:00:06.534Z] >>> [apiv2][body] POST https://upload-firebasehosting.googleapis.com/upload/sites/genius-car-366b8/versions/1a56e6fada6f037b/files/4e724d658d22acef905d81741ad11af943d802de4b886768b2425ea98aa78cf7 [stream]
[debug] [2022-12-20T15:00:06.535Z] >>> [apiv2][query] POST https://upload-firebasehosting.googleapis.com/upload/sites/genius-car-366b8/versions/1a56e6fada6f037b/files/ef023e953537750a0677dd7d4842cc5f092507bfb64f4f73ee50f73ac6a3e968 [none]
[debug] [2022-12-20T15:00:06.535Z] >>> [apiv2][body] POST https://upload-firebasehosting.googleapis.com/upload/sites/genius-car-366b8/versions/1a56e6fada6f037b/files/ef023e953537750a0677dd7d4842cc5f092507bfb64f4f73ee50f73ac6a3e968 [stream]
[debug] [2022-12-20T15:00:06.536Z] >>> [apiv2][query] POST https://upload-firebasehosting.googleapis.com/upload/sites/genius-car-366b8/versions/1a56e6fada6f037b/files/7e1c8faf6bba42b855594fb973e62d36ff9a0b356c40c866e6db447cfafa0cbb [none]
[debug] [2022-12-20T15:00:06.536Z] >>> [apiv2][body] POST https://upload-firebasehosting.googleapis.com/upload/sites/genius-car-366b8/versions/1a56e6fada6f037b/files/7e1c8faf6bba42b855594fb973e62d36ff9a0b356c40c866e6db447cfafa0cbb [stream]
[debug] [2022-12-20T15:00:06.537Z] >>> [apiv2][query] POST https://upload-firebasehosting.googleapis.com/upload/sites/genius-car-366b8/versions/1a56e6fada6f037b/files/3178b25f1ab4c5f49150630cda51590b932525d6994cd67205bb53eafaf9d686 [none]
[debug] [2022-12-20T15:00:06.537Z] >>> [apiv2][body] POST https://upload-firebasehosting.googleapis.com/upload/sites/genius-car-366b8/versions/1a56e6fada6f037b/files/3178b25f1ab4c5f49150630cda51590b932525d6994cd67205bb53eafaf9d686 [stream]
[debug] [2022-12-20T15:00:06.538Z] >>> [apiv2][query] POST https://upload-firebasehosting.googleapis.com/upload/sites/genius-car-366b8/versions/1a56e6fada6f037b/files/b8265f48f6459ad8f3e72f708d6018d15b6f06d99812a47b95126f08378b938b [none]
[debug] [2022-12-20T15:00:06.539Z] >>> [apiv2][body] POST https://upload-firebasehosting.googleapis.com/upload/sites/genius-car-366b8/versions/1a56e6fada6f037b/files/b8265f48f6459ad8f3e72f708d6018d15b6f06d99812a47b95126f08378b938b [stream]
[debug] [2022-12-20T15:00:06.540Z] [hosting][populate queue][FINAL] {"max":1344,"min":1344,"avg":1344,"active":0,"complete":1,"success":1,"errored":0,"retried":0,"total":1,"elapsed":1351}
[debug] [2022-12-20T15:00:06.540Z] [hosting] uploads queued: 6
[debug] [2022-12-20T15:00:36.959Z] [uploadQueue] Retrying task 4e724d658d22acef905d81741ad11af943d802de4b886768b2425ea98aa78cf7
[debug] [2022-12-20T15:00:36.961Z] >>> [apiv2][query] POST https://upload-firebasehosting.googleapis.com/upload/sites/genius-car-366b8/versions/1a56e6fada6f037b/files/4e724d658d22acef905d81741ad11af943d802de4b886768b2425ea98aa78cf7 [none]
[debug] [2022-12-20T15:00:36.961Z] >>> [apiv2][body] POST https://upload-firebasehosting.googleapis.com/upload/sites/genius-car-366b8/versions/1a56e6fada6f037b/files/4e724d658d22acef905d81741ad11af943d802de4b886768b2425ea98aa78cf7 [stream]
[debug] [2022-12-20T15:00:36.962Z] [uploadQueue] Retrying task 7e1c8faf6bba42b855594fb973e62d36ff9a0b356c40c866e6db447cfafa0cbb
[debug] [2022-12-20T15:00:36.962Z] >>> [apiv2][query] POST https://upload-firebasehosting.googleapis.com/upload/sites/genius-car-366b8/versions/1a56e6fada6f037b/files/7e1c8faf6bba42b855594fb973e62d36ff9a0b356c40c866e6db447cfafa0cbb [none]
[debug] [2022-12-20T15:00:36.963Z] >>> [apiv2][body] POST https://upload-firebasehosting.googleapis.com/upload/sites/genius-car-366b8/versions/1a56e6fada6f037b/files/7e1c8faf6bba42b855594fb973e62d36ff9a0b356c40c866e6db447cfafa0cbb [stream]
[debug] [2022-12-20T15:00:36.964Z] [uploadQueue] Retrying task 3178b25f1ab4c5f49150630cda51590b932525d6994cd67205bb53eafaf9d686
[debug] [2022-12-20T15:00:36.964Z] >>> [apiv2][query] POST https://upload-firebasehosting.googleapis.com/upload/sites/genius-car-366b8/versions/1a56e6fada6f037b/files/3178b25f1ab4c5f49150630cda51590b932525d6994cd67205bb53eafaf9d686 [none]
[debug] [2022-12-20T15:00:36.964Z] >>> [apiv2][body] POST https://upload-firebasehosting.googleapis.com/upload/sites/genius-car-366b8/versions/1a56e6fada6f037b/files/3178b25f1ab4c5f49150630cda51590b932525d6994cd67205bb53eafaf9d686 [stream]
[debug] [2022-12-20T15:00:36.965Z] [uploadQueue] Retrying task b8265f48f6459ad8f3e72f708d6018d15b6f06d99812a47b95126f08378b938b
[debug] [2022-12-20T15:00:36.966Z] >>> [apiv2][query] POST https://upload-firebasehosting.googleapis.com/upload/sites/genius-car-366b8/versions/1a56e6fada6f037b/files/b8265f48f6459ad8f3e72f708d6018d15b6f06d99812a47b95126f08378b938b [none]
[debug] [2022-12-20T15:00:36.966Z] >>> [apiv2][body] POST https://upload-firebasehosting.googleapis.com/upload/sites/genius-car-366b8/versions/1a56e6fada6f037b/files/b8265f48f6459ad8f3e72f708d6018d15b6f06d99812a47b95126f08378b938b [stream]
[debug] [2022-12-20T15:00:37.590Z] [uploadQueue] Retrying task ef023e953537750a0677dd7d4842cc5f092507bfb64f4f73ee50f73ac6a3e968
[debug] [2022-12-20T15:00:37.591Z] >>> [apiv2][query] POST https://upload-firebasehosting.googleapis.com/upload/sites/genius-car-366b8/versions/1a56e6fada6f037b/files/ef023e953537750a0677dd7d4842cc5f092507bfb64f4f73ee50f73ac6a3e968 [none]
[debug] [2022-12-20T15:00:37.591Z] >>> [apiv2][body] POST https://upload-firebasehosting.googleapis.com/upload/sites/genius-car-366b8/versions/1a56e6fada6f037b/files/ef023e953537750a0677dd7d4842cc5f092507bfb64f4f73ee50f73ac6a3e968 [stream]
[debug] [2022-12-20T15:00:39.752Z] [uploadQueue] Retrying task b67c22ce3b0efebe9c0ce64b817422e96e42f56da601a83d1b869b90e1f92192
[debug] [2022-12-20T15:00:39.754Z] >>> [apiv2][query] POST https://upload-firebasehosting.googleapis.com/upload/sites/genius-car-366b8/versions/1a56e6fada6f037b/files/b67c22ce3b0efebe9c0ce64b817422e96e42f56da601a83d1b869b90e1f92192 [none]
[debug] [2022-12-20T15:00:39.754Z] >>> [apiv2][body] POST https://upload-firebasehosting.googleapis.com/upload/sites/genius-car-366b8/versions/1a56e6fada6f037b/files/b67c22ce3b0efebe9c0ce64b817422e96e42f56da601a83d1b869b90e1f92192 [stream]
[debug] [2022-12-20T15:01:07.788Z] [uploadQueue] Retrying task 4e724d658d22acef905d81741ad11af943d802de4b886768b2425ea98aa78cf7
[debug] [2022-12-20T15:01:07.790Z] >>> [apiv2][query] POST https://upload-firebasehosting.googleapis.com/upload/sites/genius-car-366b8/versions/1a56e6fada6f037b/files/4e724d658d22acef905d81741ad11af943d802de4b886768b2425ea98aa78cf7 [none]
[debug] [2022-12-20T15:01:07.790Z] >>> [apiv2][body] POST https://upload-firebasehosting.googleapis.com/upload/sites/genius-car-366b8/versions/1a56e6fada6f037b/files/4e724d658d22acef905d81741ad11af943d802de4b886768b2425ea98aa78cf7 [stream]
[debug] [2022-12-20T15:01:07.792Z] [uploadQueue] Retrying task 7e1c8faf6bba42b855594fb973e62d36ff9a0b356c40c866e6db447cfafa0cbb
[debug] [2022-12-20T15:01:07.792Z] >>> [apiv2][query] POST https://upload-firebasehosting.googleapis.com/upload/sites/genius-car-366b8/versions/1a56e6fada6f037b/files/7e1c8faf6bba42b855594fb973e62d36ff9a0b356c40c866e6db447cfafa0cbb [none]
[debug] [2022-12-20T15:01:07.792Z] >>> [apiv2][body] POST https://upload-firebasehosting.googleapis.com/upload/sites/genius-car-366b8/versions/1a56e6fada6f037b/files/7e1c8faf6bba42b855594fb973e62d36ff9a0b356c40c866e6db447cfafa0cbb [stream]
[debug] [2022-12-20T15:01:07.795Z] [uploadQueue] Retrying task 3178b25f1ab4c5f49150630cda51590b932525d6994cd67205bb53eafaf9d686
[debug] [2022-12-20T15:01:07.795Z] >>> [apiv2][query] POST https://upload-firebasehosting.googleapis.com/upload/sites/genius-car-366b8/versions/1a56e6fada6f037b/files/3178b25f1ab4c5f49150630cda51590b932525d6994cd67205bb53eafaf9d686 [none]
[debug] [2022-12-20T15:01:07.796Z] >>> [apiv2][body] POST https://upload-firebasehosting.googleapis.com/upload/sites/genius-car-366b8/versions/1a56e6fada6f037b/files/3178b25f1ab4c5f49150630cda51590b932525d6994cd67205bb53eafaf9d686 [stream]
[debug] [2022-12-20T15:01:07.796Z] [uploadQueue] Retrying task b8265f48f6459ad8f3e72f708d6018d15b6f06d99812a47b95126f08378b938b
[debug] [2022-12-20T15:01:07.797Z] >>> [apiv2][query] POST https://upload-firebasehosting.googleapis.com/upload/sites/genius-car-366b8/versions/1a56e6fada6f037b/files/b8265f48f6459ad8f3e72f708d6018d15b6f06d99812a47b95126f08378b938b [none]
[debug] [2022-12-20T15:01:07.797Z] >>> [apiv2][body] POST https://upload-firebasehosting.googleapis.com/upload/sites/genius-car-366b8/versions/1a56e6fada6f037b/files/b8265f48f6459ad8f3e72f708d6018d15b6f06d99812a47b95126f08378b938b [stream]
[debug] [2022-12-20T15:01:09.051Z] [uploadQueue] Retrying task ef023e953537750a0677dd7d4842cc5f092507bfb64f4f73ee50f73ac6a3e968
[debug] [2022-12-20T15:01:09.051Z] >>> [apiv2][query] POST https://upload-firebasehosting.googleapis.com/upload/sites/genius-car-366b8/versions/1a56e6fada6f037b/files/ef023e953537750a0677dd7d4842cc5f092507bfb64f4f73ee50f73ac6a3e968 [none]
[debug] [2022-12-20T15:01:09.051Z] >>> [apiv2][body] POST https://upload-firebasehosting.googleapis.com/upload/sites/genius-car-366b8/versions/1a56e6fada6f037b/files/ef023e953537750a0677dd7d4842cc5f092507bfb64f4f73ee50f73ac6a3e968 [stream]
[debug] [2022-12-20T15:01:13.360Z] [uploadQueue] Retrying task b67c22ce3b0efebe9c0ce64b817422e96e42f56da601a83d1b869b90e1f92192
[debug] [2022-12-20T15:01:13.361Z] >>> [apiv2][query] POST https://upload-firebasehosting.googleapis.com/upload/sites/genius-car-366b8/versions/1a56e6fada6f037b/files/b67c22ce3b0efebe9c0ce64b817422e96e42f56da601a83d1b869b90e1f92192 [none]
[debug] [2022-12-20T15:01:13.361Z] >>> [apiv2][body] POST https://upload-firebasehosting.googleapis.com/upload/sites/genius-car-366b8/versions/1a56e6fada6f037b/files/b67c22ce3b0efebe9c0ce64b817422e96e42f56da601a83d1b869b90e1f92192 [stream]
[debug] [2022-12-20T15:01:39.399Z] [uploadQueue] Retrying task 4e724d658d22acef905d81741ad11af943d802de4b886768b2425ea98aa78cf7
[debug] [2022-12-20T15:01:39.401Z] >>> [apiv2][query] POST https://upload-firebasehosting.googleapis.com/upload/sites/genius-car-366b8/versions/1a56e6fada6f037b/files/4e724d658d22acef905d81741ad11af943d802de4b886768b2425ea98aa78cf7 [none]
[debug] [2022-12-20T15:01:39.401Z] >>> [apiv2][body] POST https://upload-firebasehosting.googleapis.com/upload/sites/genius-car-366b8/versions/1a56e6fada6f037b/files/4e724d658d22acef905d81741ad11af943d802de4b886768b2425ea98aa78cf7 [stream]
[debug] [2022-12-20T15:01:39.402Z] [uploadQueue] Retrying task 7e1c8faf6bba42b855594fb973e62d36ff9a0b356c40c866e6db447cfafa0cbb
[debug] [2022-12-20T15:01:39.403Z] >>> [apiv2][query] POST https://upload-firebasehosting.googleapis.com/upload/sites/genius-car-366b8/versions/1a56e6fada6f037b/files/7e1c8faf6bba42b855594fb973e62d36ff9a0b356c40c866e6db447cfafa0cbb [none]
[debug] [2022-12-20T15:01:39.403Z] >>> [apiv2][body] POST https://upload-firebasehosting.googleapis.com/upload/sites/genius-car-366b8/versions/1a56e6fada6f037b/files/7e1c8faf6bba42b855594fb973e62d36ff9a0b356c40c866e6db447cfafa0cbb [stream]
[debug] [2022-12-20T15:01:39.403Z] [uploadQueue] Retrying task 3178b25f1ab4c5f49150630cda51590b932525d6994cd67205bb53eafaf9d686
[debug] [2022-12-20T15:01:39.404Z] >>> [apiv2][query] POST https://upload-firebasehosting.googleapis.com/upload/sites/genius-car-366b8/versions/1a56e6fada6f037b/files/3178b25f1ab4c5f49150630cda51590b932525d6994cd67205bb53eafaf9d686 [none]
[debug] [2022-12-20T15:01:39.404Z] >>> [apiv2][body] POST https://upload-firebasehosting.googleapis.com/upload/sites/genius-car-366b8/versions/1a56e6fada6f037b/files/3178b25f1ab4c5f49150630cda51590b932525d6994cd67205bb53eafaf9d686 [stream]
[debug] [2022-12-20T15:01:39.415Z] [uploadQueue] Retrying task b8265f48f6459ad8f3e72f708d6018d15b6f06d99812a47b95126f08378b938b
[debug] [2022-12-20T15:01:39.416Z] >>> [apiv2][query] POST https://upload-firebasehosting.googleapis.com/upload/sites/genius-car-366b8/versions/1a56e6fada6f037b/files/b8265f48f6459ad8f3e72f708d6018d15b6f06d99812a47b95126f08378b938b [none]
[debug] [2022-12-20T15:01:39.416Z] >>> [apiv2][body] POST https://upload-firebasehosting.googleapis.com/upload/sites/genius-car-366b8/versions/1a56e6fada6f037b/files/b8265f48f6459ad8f3e72f708d6018d15b6f06d99812a47b95126f08378b938b [stream]
[debug] [2022-12-20T15:01:41.304Z] [uploadQueue] Retrying task ef023e953537750a0677dd7d4842cc5f092507bfb64f4f73ee50f73ac6a3e968
[debug] [2022-12-20T15:01:41.305Z] >>> [apiv2][query] POST https://upload-firebasehosting.googleapis.com/upload/sites/genius-car-366b8/versions/1a56e6fada6f037b/files/ef023e953537750a0677dd7d4842cc5f092507bfb64f4f73ee50f73ac6a3e968 [none]
[debug] [2022-12-20T15:01:41.305Z] >>> [apiv2][body] POST https://upload-firebasehosting.googleapis.com/upload/sites/genius-car-366b8/versions/1a56e6fada6f037b/files/ef023e953537750a0677dd7d4842cc5f092507bfb64f4f73ee50f73ac6a3e968 [stream]
[debug] [2022-12-20T15:01:47.763Z] [uploadQueue] Retrying task b67c22ce3b0efebe9c0ce64b817422e96e42f56da601a83d1b869b90e1f92192
[debug] [2022-12-20T15:01:47.764Z] >>> [apiv2][query] POST https://upload-firebasehosting.googleapis.com/upload/sites/genius-car-366b8/versions/1a56e6fada6f037b/files/b67c22ce3b0efebe9c0ce64b817422e96e42f56da601a83d1b869b90e1f92192 [none]
[debug] [2022-12-20T15:01:47.764Z] >>> [apiv2][body] POST https://upload-firebasehosting.googleapis.com/upload/sites/genius-car-366b8/versions/1a56e6fada6f037b/files/b67c22ce3b0efebe9c0ce64b817422e96e42f56da601a83d1b869b90e1f92192 [stream]
[debug] [2022-12-20T15:02:12.618Z] [uploadQueue] Retrying task 4e724d658d22acef905d81741ad11af943d802de4b886768b2425ea98aa78cf7
[debug] [2022-12-20T15:02:12.619Z] >>> [apiv2][query] POST https://upload-firebasehosting.googleapis.com/upload/sites/genius-car-366b8/versions/1a56e6fada6f037b/files/4e724d658d22acef905d81741ad11af943d802de4b886768b2425ea98aa78cf7 [none]
[debug] [2022-12-20T15:02:12.620Z] >>> [apiv2][body] POST https://upload-firebasehosting.googleapis.com/upload/sites/genius-car-366b8/versions/1a56e6fada6f037b/files/4e724d658d22acef905d81741ad11af943d802de4b886768b2425ea98aa78cf7 [stream]
[debug] [2022-12-20T15:02:12.621Z] [uploadQueue] Retrying task 7e1c8faf6bba42b855594fb973e62d36ff9a0b356c40c866e6db447cfafa0cbb
[debug] [2022-12-20T15:02:12.621Z] >>> [apiv2][query] POST https://upload-firebasehosting.googleapis.com/upload/sites/genius-car-366b8/versions/1a56e6fada6f037b/files/7e1c8faf6bba42b855594fb973e62d36ff9a0b356c40c866e6db447cfafa0cbb [none]
[debug] [2022-12-20T15:02:12.621Z] >>> [apiv2][body] POST https://upload-firebasehosting.googleapis.com/upload/sites/genius-car-366b8/versions/1a56e6fada6f037b/files/7e1c8faf6bba42b855594fb973e62d36ff9a0b356c40c866e6db447cfafa0cbb [stream]
[debug] [2022-12-20T15:02:12.622Z] [uploadQueue] Retrying task 3178b25f1ab4c5f49150630cda51590b932525d6994cd67205bb53eafaf9d686
[debug] [2022-12-20T15:02:12.622Z] >>> [apiv2][query] POST https://upload-firebasehosting.googleapis.com/upload/sites/genius-car-366b8/versions/1a56e6fada6f037b/files/3178b25f1ab4c5f49150630cda51590b932525d6994cd67205bb53eafaf9d686 [none]
[debug] [2022-12-20T15:02:12.622Z] >>> [apiv2][body] POST https://upload-firebasehosting.googleapis.com/upload/sites/genius-car-366b8/versions/1a56e6fada6f037b/files/3178b25f1ab4c5f49150630cda51590b932525d6994cd67205bb53eafaf9d686 [stream]
[debug] [2022-12-20T15:02:12.626Z] [uploadQueue] Retrying task b8265f48f6459ad8f3e72f708d6018d15b6f06d99812a47b95126f08378b938b
[debug] [2022-12-20T15:02:12.626Z] >>> [apiv2][query] POST https://upload-firebasehosting.googleapis.com/upload/sites/genius-car-366b8/versions/1a56e6fada6f037b/files/b8265f48f6459ad8f3e72f708d6018d15b6f06d99812a47b95126f08378b938b [none]
[debug] [2022-12-20T15:02:12.626Z] >>> [apiv2][body] POST https://upload-firebasehosting.googleapis.com/upload/sites/genius-car-366b8/versions/1a56e6fada6f037b/files/b8265f48f6459ad8f3e72f708d6018d15b6f06d99812a47b95126f08378b938b [stream]
[debug] [2022-12-20T15:02:15.156Z] [uploadQueue] Retrying task ef023e953537750a0677dd7d4842cc5f092507bfb64f4f73ee50f73ac6a3e968
[debug] [2022-12-20T15:02:15.157Z] >>> [apiv2][query] POST https://upload-firebasehosting.googleapis.com/upload/sites/genius-car-366b8/versions/1a56e6fada6f037b/files/ef023e953537750a0677dd7d4842cc5f092507bfb64f4f73ee50f73ac6a3e968 [none]
[debug] [2022-12-20T15:02:15.157Z] >>> [apiv2][body] POST https://upload-firebasehosting.googleapis.com/upload/sites/genius-car-366b8/versions/1a56e6fada6f037b/files/ef023e953537750a0677dd7d4842cc5f092507bfb64f4f73ee50f73ac6a3e968 [stream]
[debug] [2022-12-20T15:02:23.769Z] [uploadQueue] Retrying task b67c22ce3b0efebe9c0ce64b817422e96e42f56da601a83d1b869b90e1f92192
[debug] [2022-12-20T15:02:23.770Z] >>> [apiv2][query] POST https://upload-firebasehosting.googleapis.com/upload/sites/genius-car-366b8/versions/1a56e6fada6f037b/files/b67c22ce3b0efebe9c0ce64b817422e96e42f56da601a83d1b869b90e1f92192 [none]
[debug] [2022-12-20T15:02:23.770Z] >>> [apiv2][body] POST https://upload-firebasehosting.googleapis.com/upload/sites/genius-car-366b8/versions/1a56e6fada6f037b/files/b67c22ce3b0efebe9c0ce64b817422e96e42f56da601a83d1b869b90e1f92192 [stream]
[debug] [2022-12-20T15:02:49.033Z] [uploadQueue] Retrying task 4e724d658d22acef905d81741ad11af943d802de4b886768b2425ea98aa78cf7
[debug] [2022-12-20T15:02:49.035Z] >>> [apiv2][query] POST https://upload-firebasehosting.googleapis.com/upload/sites/genius-car-366b8/versions/1a56e6fada6f037b/files/4e724d658d22acef905d81741ad11af943d802de4b886768b2425ea98aa78cf7 [none]
[debug] [2022-12-20T15:02:49.035Z] >>> [apiv2][body] POST https://upload-firebasehosting.googleapis.com/upload/sites/genius-car-366b8/versions/1a56e6fada6f037b/files/4e724d658d22acef905d81741ad11af943d802de4b886768b2425ea98aa78cf7 [stream]
[debug] [2022-12-20T15:02:49.037Z] [uploadQueue] Retrying task 7e1c8faf6bba42b855594fb973e62d36ff9a0b356c40c866e6db447cfafa0cbb
[debug] [2022-12-20T15:02:49.037Z] >>> [apiv2][query] POST https://upload-firebasehosting.googleapis.com/upload/sites/genius-car-366b8/versions/1a56e6fada6f037b/files/7e1c8faf6bba42b855594fb973e62d36ff9a0b356c40c866e6db447cfafa0cbb [none]
[debug] [2022-12-20T15:02:49.037Z] >>> [apiv2][body] POST https://upload-firebasehosting.googleapis.com/upload/sites/genius-car-366b8/versions/1a56e6fada6f037b/files/7e1c8faf6bba42b855594fb973e62d36ff9a0b356c40c866e6db447cfafa0cbb [stream]
[debug] [2022-12-20T15:02:49.037Z] [uploadQueue] Retrying task 3178b25f1ab4c5f49150630cda51590b932525d6994cd67205bb53eafaf9d686
[debug] [2022-12-20T15:02:49.038Z] >>> [apiv2][query] POST https://upload-firebasehosting.googleapis.com/upload/sites/genius-car-366b8/versions/1a56e6fada6f037b/files/3178b25f1ab4c5f49150630cda51590b932525d6994cd67205bb53eafaf9d686 [none]
[debug] [2022-12-20T15:02:49.038Z] >>> [apiv2][body] POST https://upload-firebasehosting.googleapis.com/upload/sites/genius-car-366b8/versions/1a56e6fada6f037b/files/3178b25f1ab4c5f49150630cda51590b932525d6994cd67205bb53eafaf9d686 [stream]
[debug] [2022-12-20T15:02:49.038Z] [uploadQueue] Retrying task b8265f48f6459ad8f3e72f708d6018d15b6f06d99812a47b95126f08378b938b
[debug] [2022-12-20T15:02:49.039Z] >>> [apiv2][query] POST https://upload-firebasehosting.googleapis.com/upload/sites/genius-car-366b8/versions/1a56e6fada6f037b/files/b8265f48f6459ad8f3e72f708d6018d15b6f06d99812a47b95126f08378b938b [none]
[debug] [2022-12-20T15:02:49.039Z] >>> [apiv2][body] POST https://upload-firebasehosting.googleapis.com/upload/sites/genius-car-366b8/versions/1a56e6fada6f037b/files/b8265f48f6459ad8f3e72f708d6018d15b6f06d99812a47b95126f08378b938b [stream]
[debug] [2022-12-20T15:02:52.218Z] [uploadQueue] Retrying task ef023e953537750a0677dd7d4842cc5f092507bfb64f4f73ee50f73ac6a3e968
[debug] [2022-12-20T15:02:52.219Z] >>> [apiv2][query] POST https://upload-firebasehosting.googleapis.com/upload/sites/genius-car-366b8/versions/1a56e6fada6f037b/files/ef023e953537750a0677dd7d4842cc5f092507bfb64f4f73ee50f73ac6a3e968 [none]
[debug] [2022-12-20T15:02:52.219Z] >>> [apiv2][body] POST https://upload-firebasehosting.googleapis.com/upload/sites/genius-car-366b8/versions/1a56e6fada6f037b/files/ef023e953537750a0677dd7d4842cc5f092507bfb64f4f73ee50f73ac6a3e968 [stream]
[debug] [2022-12-20T15:03:02.985Z] [uploadQueue] Retrying task b67c22ce3b0efebe9c0ce64b817422e96e42f56da601a83d1b869b90e1f92192
[debug] [2022-12-20T15:03:02.986Z] >>> [apiv2][query] POST https://upload-firebasehosting.googleapis.com/upload/sites/genius-car-366b8/versions/1a56e6fada6f037b/files/b67c22ce3b0efebe9c0ce64b817422e96e42f56da601a83d1b869b90e1f92192 [none]
[debug] [2022-12-20T15:03:02.986Z] >>> [apiv2][body] POST https://upload-firebasehosting.googleapis.com/upload/sites/genius-car-366b8/versions/1a56e6fada6f037b/files/b67c22ce3b0efebe9c0ce64b817422e96e42f56da601a83d1b869b90e1f92192 [stream]
[debug] Task 4e724d658d22acef905d81741ad11af943d802de4b886768b2425ea98aa78cf7 failed: retries exhausted after 6 attempts, with error: Timeout reached making request to https://upload-firebasehosting.googleapis.com/upload/sites/genius-car-366b8/versions/1a56e6fada6f037b/files/4e724d658d22acef905d81741ad11af943d802de4b886768b2425ea98aa78cf7
[debug] [2022-12-20T15:03:19.040Z] [hosting][upload queue][FINAL] {"max":0,"min":9999999999,"avg":0,"active":5,"complete":1,"success":0,"errored":1,"retried":30,"total":6,"elapsed":192508}
[debug] Task 7e1c8faf6bba42b855594fb973e62d36ff9a0b356c40c866e6db447cfafa0cbb failed: retries exhausted after 6 attempts, with error: Timeout reached making request to https://upload-firebasehosting.googleapis.com/upload/sites/genius-car-366b8/versions/1a56e6fada6f037b/files/7e1c8faf6bba42b855594fb973e62d36ff9a0b356c40c866e6db447cfafa0cbb
[debug] Task 3178b25f1ab4c5f49150630cda51590b932525d6994cd67205bb53eafaf9d686 failed: retries exhausted after 6 attempts, with error: Timeout reached making request to https://upload-firebasehosting.googleapis.com/upload/sites/genius-car-366b8/versions/1a56e6fada6f037b/files/3178b25f1ab4c5f49150630cda51590b932525d6994cd67205bb53eafaf9d686
[debug] Task b8265f48f6459ad8f3e72f708d6018d15b6f06d99812a47b95126f08378b938b failed: retries exhausted after 6 attempts, with error: Timeout reached making request to https://upload-firebasehosting.googleapis.com/upload/sites/genius-car-366b8/versions/1a56e6fada6f037b/files/b8265f48f6459ad8f3e72f708d6018d15b6f06d99812a47b95126f08378b938b
[debug] Task ef023e953537750a0677dd7d4842cc5f092507bfb64f4f73ee50f73ac6a3e968 failed: retries exhausted after 6 attempts, with error: Timeout reached making request to https://upload-firebasehosting.googleapis.com/upload/sites/genius-car-366b8/versions/1a56e6fada6f037b/files/ef023e953537750a0677dd7d4842cc5f092507bfb64f4f73ee50f73ac6a3e968
[debug] [2022-12-20T15:03:24.058Z] Error: Timed out.
    at Timeout._onTimeout (C:\Users\Raju\AppData\Roaming\npm\node_modules\firebase-tools\lib\utils.js:253:49)
    at listOnTimeout (node:internal/timers:559:17)
    at processTimers (node:internal/timers:502:7)
[error] 
[error] Error: An unexpected error has occurred.
